{"@timestamp":"2021-11-26T23:10:08.987-05:00","@version":"1","message":"Starting UserprofileApplication using Java 11.0.9 on Sergiys-MBP.MG8702 with PID 40115 (/Users/vs/Projects/job4all/profile-svc-git/profile-svc/userprofile-svc/build/classes/java/main started by vs in /Users/vs/Projects/job4all/profile-svc-git/profile-svc/userprofile-svc)","logger_name":"com.job4all.profile.UserprofileApplication","thread_name":"main","level":"INFO","level_value":20000}
{"@timestamp":"2021-11-26T23:10:08.996-05:00","@version":"1","message":"No active profile set, falling back to default profiles: default","logger_name":"com.job4all.profile.UserprofileApplication","thread_name":"main","level":"INFO","level_value":20000}
{"@timestamp":"2021-11-26T23:10:10.088-05:00","@version":"1","message":"Bootstrapping Spring Data JPA repositories in DEFAULT mode.","logger_name":"org.springframework.data.repository.config.RepositoryConfigurationDelegate","thread_name":"main","level":"INFO","level_value":20000}
{"@timestamp":"2021-11-26T23:10:10.137-05:00","@version":"1","message":"Finished Spring Data repository scanning in 41 ms. Found 2 JPA repository interfaces.","logger_name":"org.springframework.data.repository.config.RepositoryConfigurationDelegate","thread_name":"main","level":"INFO","level_value":20000}
{"@timestamp":"2021-11-26T23:10:10.633-05:00","@version":"1","message":"Tomcat initialized with port(s): 8080 (http)","logger_name":"org.springframework.boot.web.embedded.tomcat.TomcatWebServer","thread_name":"main","level":"INFO","level_value":20000}
{"@timestamp":"2021-11-26T23:10:10.643-05:00","@version":"1","message":"Starting service [Tomcat]","logger_name":"org.apache.catalina.core.StandardService","thread_name":"main","level":"INFO","level_value":20000}
{"@timestamp":"2021-11-26T23:10:10.643-05:00","@version":"1","message":"Starting Servlet engine: [Apache Tomcat/9.0.53]","logger_name":"org.apache.catalina.core.StandardEngine","thread_name":"main","level":"INFO","level_value":20000}
{"@timestamp":"2021-11-26T23:10:10.730-05:00","@version":"1","message":"Initializing Spring embedded WebApplicationContext","logger_name":"org.apache.catalina.core.ContainerBase.[Tomcat].[localhost].[/profile/api/latest]","thread_name":"main","level":"INFO","level_value":20000}
{"@timestamp":"2021-11-26T23:10:10.731-05:00","@version":"1","message":"Root WebApplicationContext: initialization completed in 1695 ms","logger_name":"org.springframework.boot.web.servlet.context.ServletWebServerApplicationContext","thread_name":"main","level":"INFO","level_value":20000}
{"@timestamp":"2021-11-26T23:10:10.916-05:00","@version":"1","message":"Flyway Community Edition 7.7.3 by Redgate","logger_name":"org.flywaydb.core.internal.license.VersionPrinter","thread_name":"main","level":"INFO","level_value":20000}
{"@timestamp":"2021-11-26T23:10:11.000-05:00","@version":"1","message":"Database: jdbc:postgresql://localhost:5432/j4a (PostgreSQL 14.0)","logger_name":"org.flywaydb.core.internal.database.base.DatabaseType","thread_name":"main","level":"INFO","level_value":20000}
{"@timestamp":"2021-11-26T23:10:11.004-05:00","@version":"1","message":"Flyway upgrade recommended: org.flywaydb.core.internal.database.postgresql.PostgreSQLDatabaseType@448086ab 14.0 is newer than this version of Flyway and support has not been tested. The latest supported version of org.flywaydb.core.internal.database.postgresql.PostgreSQLDatabaseType@448086ab is 13.","logger_name":"org.flywaydb.core.internal.database.base.Database","thread_name":"main","level":"WARN","level_value":30000}
{"@timestamp":"2021-11-26T23:10:11.038-05:00","@version":"1","message":"Successfully validated 1 migration (execution time 00:00.021s)","logger_name":"org.flywaydb.core.internal.command.DbValidate","thread_name":"main","level":"INFO","level_value":20000}
{"@timestamp":"2021-11-26T23:10:11.042-05:00","@version":"1","message":"Current version of schema \"public\": 210311","logger_name":"org.flywaydb.core.internal.command.DbMigrate","thread_name":"main","level":"INFO","level_value":20000}
{"@timestamp":"2021-11-26T23:10:11.043-05:00","@version":"1","message":"Schema \"public\" is up to date. No migration necessary.","logger_name":"org.flywaydb.core.internal.command.DbMigrate","thread_name":"main","level":"INFO","level_value":20000}
{"@timestamp":"2021-11-26T23:10:11.101-05:00","@version":"1","message":"HHH000204: Processing PersistenceUnitInfo [name: default]","logger_name":"org.hibernate.jpa.internal.util.LogHelper","thread_name":"main","level":"INFO","level_value":20000}
{"@timestamp":"2021-11-26T23:10:11.146-05:00","@version":"1","message":"HHH000412: Hibernate ORM core version 5.4.32.Final","logger_name":"org.hibernate.Version","thread_name":"main","level":"INFO","level_value":20000}
{"@timestamp":"2021-11-26T23:10:11.264-05:00","@version":"1","message":"HCANN000001: Hibernate Commons Annotations {5.1.2.Final}","logger_name":"org.hibernate.annotations.common.Version","thread_name":"main","level":"INFO","level_value":20000}
{"@timestamp":"2021-11-26T23:10:11.352-05:00","@version":"1","message":"HikariPool-1 - Starting...","logger_name":"com.zaxxer.hikari.HikariDataSource","thread_name":"main","level":"INFO","level_value":20000}
{"@timestamp":"2021-11-26T23:10:11.366-05:00","@version":"1","message":"HikariPool-1 - Driver does not support get/set network timeout for connections. (Method org.postgresql.jdbc42.Jdbc42Connection.getNetworkTimeout() is not yet implemented.)","logger_name":"com.zaxxer.hikari.pool.PoolBase","thread_name":"main","level":"INFO","level_value":20000}
{"@timestamp":"2021-11-26T23:10:11.370-05:00","@version":"1","message":"HikariPool-1 - Start completed.","logger_name":"com.zaxxer.hikari.HikariDataSource","thread_name":"main","level":"INFO","level_value":20000}
{"@timestamp":"2021-11-26T23:10:11.389-05:00","@version":"1","message":"HHH000400: Using dialect: org.hibernate.dialect.PostgreSQL10Dialect","logger_name":"org.hibernate.dialect.Dialect","thread_name":"main","level":"INFO","level_value":20000}
{"@timestamp":"2021-11-26T23:10:12.107-05:00","@version":"1","message":"HHH000490: Using JtaPlatform implementation: [org.hibernate.engine.transaction.jta.platform.internal.NoJtaPlatform]","logger_name":"org.hibernate.engine.transaction.jta.platform.internal.JtaPlatformInitiator","thread_name":"main","level":"INFO","level_value":20000}
{"@timestamp":"2021-11-26T23:10:12.116-05:00","@version":"1","message":"Initialized JPA EntityManagerFactory for persistence unit 'default'","logger_name":"org.springframework.orm.jpa.LocalContainerEntityManagerFactoryBean","thread_name":"main","level":"INFO","level_value":20000}
{"@timestamp":"2021-11-26T23:10:12.570-05:00","@version":"1","message":"spring.jpa.open-in-view is enabled by default. Therefore, database queries may be performed during view rendering. Explicitly configure spring.jpa.open-in-view to disable this warning","logger_name":"org.springframework.boot.autoconfigure.orm.jpa.JpaBaseConfiguration$JpaWebConfiguration","thread_name":"main","level":"WARN","level_value":30000}
{"@timestamp":"2021-11-26T23:10:12.732-05:00","@version":"1","message":"Exposing 15 endpoint(s) beneath base path '/actuator'","logger_name":"org.springframework.boot.actuate.endpoint.web.EndpointLinksResolver","thread_name":"main","level":"INFO","level_value":20000}
{"@timestamp":"2021-11-26T23:10:12.789-05:00","@version":"1","message":"Mapped URL path [/openapi.json] onto method [springfox.documentation.swagger2.web.Swagger2Controller#getDocumentation(String, HttpServletRequest)]","logger_name":"springfox.documentation.spring.web.PropertySourcedRequestMappingHandlerMapping","thread_name":"main","level":"INFO","level_value":20000}
{"@timestamp":"2021-11-26T23:10:13.023-05:00","@version":"1","message":"Cannot find template location: classpath:/templates/ (please add some templates or check your Thymeleaf configuration)","logger_name":"org.springframework.boot.autoconfigure.thymeleaf.ThymeleafAutoConfiguration$DefaultTemplateResolverConfiguration","thread_name":"main","level":"WARN","level_value":30000}
{"@timestamp":"2021-11-26T23:10:13.112-05:00","@version":"1","message":"Tomcat started on port(s): 8080 (http) with context path '/profile/api/latest'","logger_name":"org.springframework.boot.web.embedded.tomcat.TomcatWebServer","thread_name":"main","level":"INFO","level_value":20000}
{"@timestamp":"2021-11-26T23:10:13.113-05:00","@version":"1","message":"Context refreshed","logger_name":"springfox.documentation.spring.web.plugins.DocumentationPluginsBootstrapper","thread_name":"main","level":"INFO","level_value":20000}
{"@timestamp":"2021-11-26T23:10:13.129-05:00","@version":"1","message":"Found 1 custom documentation plugin(s)","logger_name":"springfox.documentation.spring.web.plugins.DocumentationPluginsBootstrapper","thread_name":"main","level":"INFO","level_value":20000}
{"@timestamp":"2021-11-26T23:10:13.172-05:00","@version":"1","message":"Scanning for api listing references","logger_name":"springfox.documentation.spring.web.scanners.ApiListingReferenceScanner","thread_name":"main","level":"INFO","level_value":20000}
{"@timestamp":"2021-11-26T23:10:13.301-05:00","@version":"1","message":"Started UserprofileApplication in 4.88 seconds (JVM running for 5.33)","logger_name":"com.job4all.profile.UserprofileApplication","thread_name":"main","level":"INFO","level_value":20000}
{"@timestamp":"2021-11-26T23:10:13.339-05:00","@version":"1","message":">>>>>>>>>>>>>>>>>>>> Application is running","logger_name":"com.job4all.profile.UserprofileApplication","thread_name":"main","level":"INFO","level_value":20000}
{"@timestamp":"2021-11-26T23:10:15.312-05:00","@version":"1","message":"Closing JPA EntityManagerFactory for persistence unit 'default'","logger_name":"org.springframework.orm.jpa.LocalContainerEntityManagerFactoryBean","thread_name":"SpringApplicationShutdownHook","level":"INFO","level_value":20000}
{"@timestamp":"2021-11-26T23:10:15.315-05:00","@version":"1","message":"HikariPool-1 - Shutdown initiated...","logger_name":"com.zaxxer.hikari.HikariDataSource","thread_name":"SpringApplicationShutdownHook","level":"INFO","level_value":20000}
{"@timestamp":"2021-11-26T23:10:15.317-05:00","@version":"1","message":"HikariPool-1 - Shutdown completed.","logger_name":"com.zaxxer.hikari.HikariDataSource","thread_name":"SpringApplicationShutdownHook","level":"INFO","level_value":20000}
